<?xml version="1.0" encoding="UTF-8"?>
<testng-results ignored="0" total="1" passed="1" failed="0" skipped="0">
  <reporter-output>
  </reporter-output>
  <suite started-at="2024-05-21T12:58:20 IST" name="Default suite" finished-at="2024-05-21T12:58:21 IST" duration-ms="195">
    <groups>
    </groups>
    <test started-at="2024-05-21T12:58:20 IST" name="Default test" finished-at="2024-05-21T12:58:21 IST" duration-ms="195">
      <class name="p1.pgm1">
        <test-method signature="pgm()[pri:0, instance:p1.pgm1@5b8dfcc1]" started-at="2024-05-21T12:58:21 IST" name="pgm" finished-at="2024-05-21T12:58:21 IST" duration-ms="29" status="PASS">
          <reporter-output>
          </reporter-output>
        </test-method> <!-- pgm -->
      </class> <!-- p1.pgm1 -->
    </test> <!-- Default test -->
  </suite> <!-- Default suite -->
</testng-results>
